\BOOKMARK [1][-]{section.1}{Computer Science}{}% 1
\BOOKMARK [2][-]{subsection.1.1}{Algorithms}{section.1}% 2
\BOOKMARK [2][-]{subsection.1.2}{Data Sctructures}{section.1}% 3
\BOOKMARK [2][-]{subsection.1.3}{Linux}{section.1}% 4
\BOOKMARK [1][-]{section.2}{Machine Learning}{}% 5
\BOOKMARK [2][-]{subsection.2.1}{Supervised}{section.2}% 6
\BOOKMARK [3][-]{subsubsection.2.1.1}{Ordinary Least Squares \(OLS\)}{subsection.2.1}% 7
\BOOKMARK [3][-]{subsubsection.2.1.2}{Generalized Linear Model\(GLM\)}{subsection.2.1}% 8
\BOOKMARK [3][-]{subsubsection.2.1.3}{Logistic Regression}{subsection.2.1}% 9
\BOOKMARK [3][-]{subsubsection.2.1.4}{Linear Discriminant Analysis}{subsection.2.1}% 10
\BOOKMARK [3][-]{subsubsection.2.1.5}{Support Vector Machines}{subsection.2.1}% 11
\BOOKMARK [3][-]{subsubsection.2.1.6}{K-Nearest Neighbors}{subsection.2.1}% 12
\BOOKMARK [3][-]{subsubsection.2.1.7}{Gaussian Process}{subsection.2.1}% 13
\BOOKMARK [3][-]{subsubsection.2.1.8}{K-Nearest Neighbors}{subsection.2.1}% 14
\BOOKMARK [3][-]{subsubsection.2.1.9}{Decision Trees}{subsection.2.1}% 15
\BOOKMARK [3][-]{subsubsection.2.1.10}{Random Forest}{subsection.2.1}% 16
\BOOKMARK [3][-]{subsubsection.2.1.11}{Gaussian Process}{subsection.2.1}% 17
\BOOKMARK [3][-]{subsubsection.2.1.12}{Naive Bayes}{subsection.2.1}% 18
\BOOKMARK [2][-]{subsection.2.2}{Unsupervised}{section.2}% 19
\BOOKMARK [3][-]{subsubsection.2.2.1}{Gaussan Mixture Models}{subsection.2.2}% 20
\BOOKMARK [3][-]{subsubsection.2.2.2}{K-Means}{subsection.2.2}% 21
\BOOKMARK [3][-]{subsubsection.2.2.3}{Density-Based Spatial Clustering of Applications with Noise \(DBSCAN\)}{subsection.2.2}% 22
\BOOKMARK [3][-]{subsubsection.2.2.4}{Spectral Clustering}{subsection.2.2}% 23
\BOOKMARK [3][-]{subsubsection.2.2.5}{Hierarchical Clustering}{subsection.2.2}% 24
\BOOKMARK [3][-]{subsubsection.2.2.6}{Factor Analysis}{subsection.2.2}% 25
\BOOKMARK [3][-]{subsubsection.2.2.7}{Independent Component Analysis}{subsection.2.2}% 26
\BOOKMARK [3][-]{subsubsection.2.2.8}{Principal Component Analysis}{subsection.2.2}% 27
\BOOKMARK [3][-]{subsubsection.2.2.9}{Non-Negative Matrix Factorization \(NMF\)}{subsection.2.2}% 28
\BOOKMARK [3][-]{subsubsection.2.2.10}{Latent Dirichlet Allocation \(LDA\)}{subsection.2.2}% 29
\BOOKMARK [3][-]{subsubsection.2.2.11}{Outliear Detection?}{subsection.2.2}% 30
\BOOKMARK [1][-]{section.3}{Deep Learning}{}% 31
\BOOKMARK [2][-]{subsection.3.1}{Convolutional Networks}{section.3}% 32
\BOOKMARK [2][-]{subsection.3.2}{Recurrent Networks}{section.3}% 33
\BOOKMARK [2][-]{subsection.3.3}{Long Short-Term Memory \(LSTM\)}{section.3}% 34
\BOOKMARK [2][-]{subsection.3.4}{Autoencoders}{section.3}% 35
\BOOKMARK [2][-]{subsection.3.5}{Reinforcement Learning}{section.3}% 36
\BOOKMARK [1][-]{section.4}{Linear Algebra}{}% 37
\BOOKMARK [2][-]{subsection.4.1}{Norms}{section.4}% 38
\BOOKMARK [3][-]{subsubsection.4.1.1}{Euclidean / Frobenius}{subsection.4.1}% 39
\BOOKMARK [3][-]{subsubsection.4.1.2}{Manhatten}{subsection.4.1}% 40
\BOOKMARK [3][-]{subsubsection.4.1.3}{Infinity}{subsection.4.1}% 41
\BOOKMARK [3][-]{subsubsection.4.1.4}{Nuclear}{subsection.4.1}% 42
\BOOKMARK [3][-]{subsubsection.4.1.5}{Spectral}{subsection.4.1}% 43
\BOOKMARK [3][-]{subsubsection.4.1.6}{Symmetric}{subsection.4.1}% 44
\BOOKMARK [3][-]{subsubsection.4.1.7}{Positive Definite}{subsection.4.1}% 45
\BOOKMARK [3][-]{subsubsection.4.1.8}{Positive Semi-Definite}{subsection.4.1}% 46
\BOOKMARK [3][-]{subsubsection.4.1.9}{Negative Definite}{subsection.4.1}% 47
\BOOKMARK [3][-]{subsubsection.4.1.10}{Negative Semi-Definite}{subsection.4.1}% 48
\BOOKMARK [2][-]{subsection.4.2}{Eigendecomposition}{section.4}% 49
\BOOKMARK [2][-]{subsection.4.3}{Singular Value Decomposition \(SVD\)}{section.4}% 50
\BOOKMARK [2][-]{subsection.4.4}{Principal Component Analysis \(PCA\)}{section.4}% 51
\BOOKMARK [2][-]{subsection.4.5}{Independent Component Analysis \(ICA\)}{section.4}% 52
\BOOKMARK [2][-]{subsection.4.6}{Canonical Component Analysis \(CCA\)}{section.4}% 53
\BOOKMARK [2][-]{subsection.4.7}{Factor Analysis}{section.4}% 54
\BOOKMARK [1][-]{section.5}{Statistics}{}% 55
\BOOKMARK [2][-]{subsection.5.1}{Probability Theory}{section.5}% 56
\BOOKMARK [2][-]{subsection.5.2}{Distributions}{section.5}% 57
\BOOKMARK [2][-]{subsection.5.3}{Combinatorics}{section.5}% 58
